<?xml version="1.0" encoding="UTF-8"?>
<!-- Generated by org.testng.reporters.JUnitReportReporter -->
<testsuite hostname="DSs-MacBook-Pro" failures="0" tests="2" name="com.restapi.cucumber.runner.TestRunner" time="21.243" errors="0" timestamp="2022-02-22T15:22:26 PST" skipped="0">
  <testcase classname="com.restapi.cucumber.runner.TestRunner" name="runScenario" time="9.612"/>
  <system-out/>
  <testcase classname="com.restapi.cucumber.runner.TestRunner" name="runScenario" time="11.631"/>
  <system-out/>
</testsuite> <!-- com.restapi.cucumber.runner.TestRunner -->
