<?xml version="1.0" encoding="UTF-8"?>
<!-- Generated by org.testng.reporters.JUnitReportReporter -->
<testsuite skipped="0" hostname="DSs-MacBook-Pro" name="com.restapi.cucumber.runner.TestRunner" tests="2" failures="0" timestamp="2022-03-01T19:04:30 PST" time="30.017" errors="0">
  <testcase name="runScenario" time="15.345" classname="com.restapi.cucumber.runner.TestRunner"/>
  <system-out/>
  <testcase name="runScenario" time="14.672" classname="com.restapi.cucumber.runner.TestRunner"/>
  <system-out/>
</testsuite> <!-- com.restapi.cucumber.runner.TestRunner -->
